This is pdfTeX, Version 3.141592653-2.6-1.40.26 (MiKTeX 24.3) (preloaded format=pdflatex 2024.3.25)  21 APR 2024 21:58
entering extended mode
 restricted \write18 enabled.
 file:line:error style messages enabled.
 %&-line parsing enabled.
**"c:/Users/Admin/Desktop/School/Georgia Tech/Coursework/ECE 6560/Final Project/ECE-6560--Final-Project/report/Report.tex"
(c:/Users/Admin/Desktop/School/Georgia Tech/Coursework/ECE 6560/Final Project/ECE-6560--Final-Project/report/Report.tex
LaTeX2e <2023-11-01> patch level 1
L3 programming layer <2024-03-14>
(C:\Users\Admin\AppData\Local\Programs\MiKTeX\tex/latex/base\article.cls
Document Class: article 2023/05/17 v1.4n Standard LaTeX document class
(C:\Users\Admin\AppData\Local\Programs\MiKTeX\tex/latex/base\size10.clo
File: size10.clo 2023/05/17 v1.4n Standard LaTeX file (size option)
)
\c@part=\count188
\c@section=\count189
\c@subsection=\count190
\c@subsubsection=\count191
\c@paragraph=\count192
\c@subparagraph=\count193
\c@figure=\count194
\c@table=\count195
\abovecaptionskip=\skip48
\belowcaptionskip=\skip49
\bibindent=\dimen140
) (C:\Users\Admin\AppData\Local\Programs\MiKTeX\tex/latex/amsfonts\amssymb.sty
Package: amssymb 2013/01/14 v3.01 AMS font symbols
 (C:\Users\Admin\AppData\Local\Programs\MiKTeX\tex/latex/amsfonts\amsfonts.sty
Package: amsfonts 2013/01/14 v3.01 Basic AMSFonts support
\@emptytoks=\toks17
\symAMSa=\mathgroup4
\symAMSb=\mathgroup5
LaTeX Font Info:    Redeclaring math symbol \hbar on input line 98.
LaTeX Font Info:    Overwriting math alphabet `\mathfrak' in version `bold'
(Font)                  U/euf/m/n --> U/euf/b/n on input line 106.
)) (C:\Users\Admin\AppData\Local\Programs\MiKTeX\tex/latex/amsmath\amsmath.sty
Package: amsmath 2023/05/13 v2.17o AMS math features
\@mathmargin=\skip50

For additional information on amsmath, use the `?' option.
(C:\Users\Admin\AppData\Local\Programs\MiKTeX\tex/latex/amsmath\amstext.sty
Package: amstext 2021/08/26 v2.01 AMS text
 (C:\Users\Admin\AppData\Local\Programs\MiKTeX\tex/latex/amsmath\amsgen.sty
File: amsgen.sty 1999/11/30 v2.0 generic functions
\@emptytoks=\toks18
\ex@=\dimen141
)) (C:\Users\Admin\AppData\Local\Programs\MiKTeX\tex/latex/amsmath\amsbsy.sty
Package: amsbsy 1999/11/29 v1.2d Bold Symbols
\pmbraise@=\dimen142
) (C:\Users\Admin\AppData\Local\Programs\MiKTeX\tex/latex/amsmath\amsopn.sty
Package: amsopn 2022/04/08 v2.04 operator names
)
\inf@bad=\count196
LaTeX Info: Redefining \frac on input line 234.
\uproot@=\count197
\leftroot@=\count198
LaTeX Info: Redefining \overline on input line 399.
LaTeX Info: Redefining \colon on input line 410.
\classnum@=\count199
\DOTSCASE@=\count266
LaTeX Info: Redefining \ldots on input line 496.
LaTeX Info: Redefining \dots on input line 499.
LaTeX Info: Redefining \cdots on input line 620.
\Mathstrutbox@=\box51
\strutbox@=\box52
LaTeX Info: Redefining \big on input line 722.
LaTeX Info: Redefining \Big on input line 723.
LaTeX Info: Redefining \bigg on input line 724.
LaTeX Info: Redefining \Bigg on input line 725.
\big@size=\dimen143
LaTeX Font Info:    Redeclaring font encoding OML on input line 743.
LaTeX Font Info:    Redeclaring font encoding OMS on input line 744.
\macc@depth=\count267
LaTeX Info: Redefining \bmod on input line 905.
LaTeX Info: Redefining \pmod on input line 910.
LaTeX Info: Redefining \smash on input line 940.
LaTeX Info: Redefining \relbar on input line 970.
LaTeX Info: Redefining \Relbar on input line 971.
\c@MaxMatrixCols=\count268
\dotsspace@=\muskip16
\c@parentequation=\count269
\dspbrk@lvl=\count270
\tag@help=\toks19
\row@=\count271
\column@=\count272
\maxfields@=\count273
\andhelp@=\toks20
\eqnshift@=\dimen144
\alignsep@=\dimen145
\tagshift@=\dimen146
\tagwidth@=\dimen147
\totwidth@=\dimen148
\lineht@=\dimen149
\@envbody=\toks21
\multlinegap=\skip51
\multlinetaggap=\skip52
\mathdisplay@stack=\toks22
LaTeX Info: Redefining \[ on input line 2953.
LaTeX Info: Redefining \] on input line 2954.
) (C:\Users\Admin\AppData\Local\Programs\MiKTeX\tex/latex/graphics\graphicx.sty
Package: graphicx 2021/09/16 v1.2d Enhanced LaTeX Graphics (DPC,SPQR)
 (C:\Users\Admin\AppData\Local\Programs\MiKTeX\tex/latex/graphics\keyval.sty
Package: keyval 2022/05/29 v1.15 key=value parser (DPC)
\KV@toks@=\toks23
) (C:\Users\Admin\AppData\Local\Programs\MiKTeX\tex/latex/graphics\graphics.sty
Package: graphics 2022/03/10 v1.4e Standard LaTeX Graphics (DPC,SPQR)
 (C:\Users\Admin\AppData\Local\Programs\MiKTeX\tex/latex/graphics\trig.sty
Package: trig 2021/08/11 v1.11 sin cos tan (DPC)
) (C:\Users\Admin\AppData\Local\Programs\MiKTeX\tex/latex/graphics-cfg\graphics.cfg
File: graphics.cfg 2016/06/04 v1.11 sample graphics configuration
)
Package graphics Info: Driver file: pdftex.def on input line 107.
 (C:\Users\Admin\AppData\Local\Programs\MiKTeX\tex/latex/graphics-def\pdftex.def
File: pdftex.def 2022/09/22 v1.2b Graphics/color driver for pdftex
))
\Gin@req@height=\dimen150
\Gin@req@width=\dimen151
) (C:\Users\Admin\AppData\Local\Programs\MiKTeX\tex/latex/caption\subcaption.sty
Package: subcaption 2023/07/28 v1.6b Sub-captions (AR)
 (C:\Users\Admin\AppData\Local\Programs\MiKTeX\tex/latex/caption\caption.sty
Package: caption 2023/08/05 v3.6o Customizing captions (AR)
 (C:\Users\Admin\AppData\Local\Programs\MiKTeX\tex/latex/caption\caption3.sty
Package: caption3 2023/07/31 v2.4d caption3 kernel (AR)
\caption@tempdima=\dimen152
\captionmargin=\dimen153
\caption@leftmargin=\dimen154
\caption@rightmargin=\dimen155
\caption@width=\dimen156
\caption@indent=\dimen157
\caption@parindent=\dimen158
\caption@hangindent=\dimen159
Package caption Info: Standard document class detected.
)
\c@caption@flags=\count274
\c@continuedfloat=\count275
)
Package caption Info: New subtype `subfigure' on input line 238.
\c@subfigure=\count276
Package caption Info: New subtype `subtable' on input line 238.
\c@subtable=\count277
) (C:\Users\Admin\AppData\Local\Programs\MiKTeX\tex/latex/xurl\xurl.sty
Package: xurl 2022/01/09 v 0.10 modify URL breaks
 (C:\Users\Admin\AppData\Local\Programs\MiKTeX\tex/latex/url\url.sty
\Urlmuskip=\muskip17
Package: url 2013/09/16  ver 3.4  Verb mode for urls, etc.
)) (C:\Users\Admin\AppData\Local\Programs\MiKTeX\tex/latex/l3backend\l3backend-pdftex.def
File: l3backend-pdftex.def 2024-03-14 L3 backend support: PDF output (pdfTeX)
\l__color_backend_stack_int=\count278
\l__pdf_internal_box=\box53
) (Report.aux)
\openout1 = `Report.aux'.

LaTeX Font Info:    Checking defaults for OML/cmm/m/it on input line 11.
LaTeX Font Info:    ... okay on input line 11.
LaTeX Font Info:    Checking defaults for OMS/cmsy/m/n on input line 11.
LaTeX Font Info:    ... okay on input line 11.
LaTeX Font Info:    Checking defaults for OT1/cmr/m/n on input line 11.
LaTeX Font Info:    ... okay on input line 11.
LaTeX Font Info:    Checking defaults for T1/cmr/m/n on input line 11.
LaTeX Font Info:    ... okay on input line 11.
LaTeX Font Info:    Checking defaults for TS1/cmr/m/n on input line 11.
LaTeX Font Info:    ... okay on input line 11.
LaTeX Font Info:    Checking defaults for OMX/cmex/m/n on input line 11.
LaTeX Font Info:    ... okay on input line 11.
LaTeX Font Info:    Checking defaults for U/cmr/m/n on input line 11.
LaTeX Font Info:    ... okay on input line 11.
 (C:\Users\Admin\AppData\Local\Programs\MiKTeX\tex/context/base/mkii\supp-pdf.mkii
[Loading MPS to PDF converter (version 2006.09.02).]
\scratchcounter=\count279
\scratchdimen=\dimen160
\scratchbox=\box54
\nofMPsegments=\count280
\nofMParguments=\count281
\everyMPshowfont=\toks24
\MPscratchCnt=\count282
\MPscratchDim=\dimen161
\MPnumerator=\count283
\makeMPintoPDFobject=\count284
\everyMPtoPDFconversion=\toks25
) (C:\Users\Admin\AppData\Local\Programs\MiKTeX\tex/latex/epstopdf-pkg\epstopdf-base.sty
Package: epstopdf-base 2020-01-24 v2.11 Base part for package epstopdf
Package epstopdf-base Info: Redefining graphics rule for `.eps' on input line 485.
 (C:\Users\Admin\AppData\Local\Programs\MiKTeX\tex/latex/00miktex\epstopdf-sys.cfg
File: epstopdf-sys.cfg 2021/03/18 v2.0 Configuration of epstopdf for MiKTeX
))
Package caption Info: Begin \AtBeginDocument code.
Package caption Info: End \AtBeginDocument code.
LaTeX Font Info:    Trying to load font information for U+msa on input line 12.
 (C:\Users\Admin\AppData\Local\Programs\MiKTeX\tex/latex/amsfonts\umsa.fd
File: umsa.fd 2013/01/14 v3.01 AMS symbols A
)
LaTeX Font Info:    Trying to load font information for U+msb on input line 12.
 (C:\Users\Admin\AppData\Local\Programs\MiKTeX\tex/latex/amsfonts\umsb.fd
File: umsb.fd 2013/01/14 v3.01 AMS symbols B
)
Underfull \hbox (badness 10000) in paragraph at lines 18--21

 []


Underfull \hbox (badness 10000) in paragraph at lines 22--29

 []


Underfull \hbox (badness 10000) in paragraph at lines 30--33

 []

[1

{C:/Users/Admin/AppData/Local/MiKTeX/fonts/map/pdftex/pdftex.map}]
Underfull \hbox (badness 10000) in paragraph at lines 61--65

 []


Underfull \hbox (badness 10000) in paragraph at lines 66--69

 []


Underfull \hbox (badness 10000) in paragraph at lines 79--87

 []

[2]
<../report_images/squared.png, id=18, 255.95625pt x 255.95625pt>
File: ../report_images/squared.png Graphic file (type png)
<use ../report_images/squared.png>
Package pdftex.def Info: ../report_images/squared.png  used on input line 100.
(pdftex.def)             Requested size: 127.9778pt x 127.9778pt.
<../report_images/linear.png, id=20, 252.19218pt x 292.84406pt>
File: ../report_images/linear.png Graphic file (type png)
<use ../report_images/linear.png>
Package pdftex.def Info: ../report_images/linear.png  used on input line 113.
(pdftex.def)             Requested size: 126.09578pt x 146.42166pt.
 [3 <../report_images/squared.png> <../report_images/linear.png>]
Underfull \hbox (badness 10000) in paragraph at lines 130--133

 []

[4]
<../report_images/boat_crop.png, id=30, 323.70938pt x 316.93407pt>
File: ../report_images/boat_crop.png Graphic file (type png)
<use ../report_images/boat_crop.png>
Package pdftex.def Info: ../report_images/boat_crop.png  used on input line 170.
(pdftex.def)             Requested size: 137.9979pt x 135.10867pt.
<../report_images/noisy.png, id=31, 327.47343pt x 324.46219pt>
File: ../report_images/noisy.png Graphic file (type png)
<use ../report_images/noisy.png>
Package pdftex.def Info: ../report_images/noisy.png  used on input line 175.
(pdftex.def)             Requested size: 137.9979pt x 136.72865pt.
<../report_images/noisy_grad.png, id=32, 325.215pt x 322.95656pt>
File: ../report_images/noisy_grad.png Graphic file (type png)
<use ../report_images/noisy_grad.png>
Package pdftex.def Info: ../report_images/noisy_grad.png  used on input line 198.
(pdftex.def)             Requested size: 162.6071pt x 161.47787pt.
 [5 <../report_images/boat_crop.png> <../report_images/noisy.png> <../report_images/noisy_grad.png>]
<../report_images/gradient.png, id=40, 510.40688pt x 405.01312pt>
File: ../report_images/gradient.png Graphic file (type png)
<use ../report_images/gradient.png>
Package pdftex.def Info: ../report_images/gradient.png  used on input line 205.
(pdftex.def)             Requested size: 255.2028pt x 202.50606pt.
<../report_images/sigmoid.png, id=41, 529.98pt x 337.26pt>
File: ../report_images/sigmoid.png Graphic file (type png)
<use ../report_images/sigmoid.png>
Package pdftex.def Info: ../report_images/sigmoid.png  used on input line 217.
(pdftex.def)             Requested size: 264.98933pt x 168.62958pt.
 [6 <../report_images/gradient.png> <../report_images/sigmoid.png>]
Underfull \hbox (badness 10000) in paragraph at lines 273--277

 []


Underfull \hbox (badness 10000) in paragraph at lines 278--282

 []

[7]
Overfull \hbox (39.99791pt too wide) in paragraph at lines 334--342
 [] 
 []


Overfull \hbox (39.54195pt too wide) in paragraph at lines 348--356
 [] 
 []

[8]
Overfull \hbox (44.99792pt too wide) in paragraph at lines 363--374
 [] 
 []


Underfull \hbox (badness 10000) in paragraph at lines 376--378

 []

[9]
Underfull \hbox (badness 10000) in paragraph at lines 386--389

 []


Underfull \hbox (badness 10000) in paragraph at lines 394--400

 []


Underfull \hbox (badness 10000) in paragraph at lines 430--435

 []


Underfull \hbox (badness 10000) in paragraph at lines 436--442

 []

[10]
Overfull \hbox (66.9515pt too wide) in paragraph at lines 497--507
 [] 
 []

[11]
Underfull \hbox (badness 10000) in paragraph at lines 514--518

 []

[12]
Overfull \hbox (44.99792pt too wide) in paragraph at lines 569--585
[]
 []

[13]
Overfull \hbox (86.32388pt too wide) in paragraph at lines 644--652
[][] 
 []

File: ../report_images/boat_crop.png Graphic file (type png)
<use ../report_images/boat_crop.png>
Package pdftex.def Info: ../report_images/boat_crop.png  used on input line 663.
(pdftex.def)             Requested size: 137.9979pt x 135.10867pt.
File: ../report_images/noisy.png Graphic file (type png)
<use ../report_images/noisy.png>
Package pdftex.def Info: ../report_images/noisy.png  used on input line 668.
(pdftex.def)             Requested size: 137.9979pt x 136.72865pt.
[14]
<../generated_images/LinearHeat_test1.png, id=76, 462.528pt x 346.896pt>
File: ../generated_images/LinearHeat_test1.png Graphic file (type png)
<use ../generated_images/LinearHeat_test1.png>
Package pdftex.def Info: ../generated_images/LinearHeat_test1.png  used on input line 676.
(pdftex.def)             Requested size: 345.0pt x 258.76335pt.
<../generated_images/TV_test1.png, id=77, 462.528pt x 346.896pt>
File: ../generated_images/TV_test1.png Graphic file (type png)
<use ../generated_images/TV_test1.png>
Package pdftex.def Info: ../generated_images/TV_test1.png  used on input line 677.
(pdftex.def)             Requested size: 345.0pt x 258.76335pt.
 [15 <../generated_images/LinearHeat_test1.png> <../generated_images/TV_test1.png>]
Underfull \hbox (badness 10000) in paragraph at lines 685--686

 []


Underfull \hbox (badness 10000) in paragraph at lines 690--694

 []

<../report_images/baseline_smoothing.png, id=83, 803.0pt x 803.0pt>
File: ../report_images/baseline_smoothing.png Graphic file (type png)
<use ../report_images/baseline_smoothing.png>
Package pdftex.def Info: ../report_images/baseline_smoothing.png  used on input line 695.
(pdftex.def)             Requested size: 80.3047pt x 80.3047pt.
<../generated_images/MSE_test1.png, id=84, 462.528pt x 346.896pt>
File: ../generated_images/MSE_test1.png Graphic file (type png)
<use ../generated_images/MSE_test1.png>
Package pdftex.def Info: ../generated_images/MSE_test1.png  used on input line 702.
(pdftex.def)             Requested size: 231.26343pt x 173.44757pt.
<../report_images/boat_plot.png, id=85, 462.528pt x 346.896pt>
File: ../report_images/boat_plot.png Graphic file (type png)
<use ../report_images/boat_plot.png>
Package pdftex.def Info: ../report_images/boat_plot.png  used on input line 708.
(pdftex.def)             Requested size: 103.50105pt x 77.62477pt.
<../report_images/noisy_boat_plot.png, id=86, 462.528pt x 346.896pt>
File: ../report_images/noisy_boat_plot.png Graphic file (type png)
<use ../report_images/noisy_boat_plot.png>
Package pdftex.def Info: ../report_images/noisy_boat_plot.png  used on input line 713.
(pdftex.def)             Requested size: 103.50105pt x 77.62477pt.
<../generated_images/Custom_test1.png, id=87, 462.528pt x 346.896pt>
File: ../generated_images/Custom_test1.png Graphic file (type png)
<use ../generated_images/Custom_test1.png>
Package pdftex.def Info: ../generated_images/Custom_test1.png  used on input line 718.
(pdftex.def)             Requested size: 103.50105pt x 77.62477pt.
[16 <../report_images/baseline_smoothing.png> <../generated_images/MSE_test1.png> <../report_images/boat_plot.png> <../report_images/noisy_boat_plot.png> <../generated_images/Custom_test1.png>]
<../report_images/linear_smoothing.png, id=96, 803.0pt x 803.0pt>
File: ../report_images/linear_smoothing.png Graphic file (type png)
<use ../report_images/linear_smoothing.png>
Package pdftex.def Info: ../report_images/linear_smoothing.png  used on input line 734.
(pdftex.def)             Requested size: 80.3047pt x 80.3047pt.
<../generated_images/MSE_test2.png, id=97, 462.528pt x 346.896pt>
File: ../generated_images/MSE_test2.png Graphic file (type png)
<use ../generated_images/MSE_test2.png>
Package pdftex.def Info: ../generated_images/MSE_test2.png  used on input line 742.
(pdftex.def)             Requested size: 231.26343pt x 173.44757pt.
File: ../report_images/boat_plot.png Graphic file (type png)
<use ../report_images/boat_plot.png>
Package pdftex.def Info: ../report_images/boat_plot.png  used on input line 748.
(pdftex.def)             Requested size: 103.50105pt x 77.62477pt.
File: ../report_images/noisy_boat_plot.png Graphic file (type png)
<use ../report_images/noisy_boat_plot.png>
Package pdftex.def Info: ../report_images/noisy_boat_plot.png  used on input line 753.
(pdftex.def)             Requested size: 103.50105pt x 77.62477pt.
<../generated_images/Custom_test2.png, id=98, 462.528pt x 346.896pt>
File: ../generated_images/Custom_test2.png Graphic file (type png)
<use ../generated_images/Custom_test2.png>
Package pdftex.def Info: ../generated_images/Custom_test2.png  used on input line 758.
(pdftex.def)             Requested size: 103.50105pt x 77.62477pt.
 [17 <../report_images/linear_smoothing.png> <../generated_images/MSE_test2.png> <../generated_images/Custom_test2.png>]
Underfull \hbox (badness 10000) in paragraph at lines 769--772

 []

<../report_images/aggressive_smoothing.png, id=105, 803.0pt x 803.0pt>
File: ../report_images/aggressive_smoothing.png Graphic file (type png)
<use ../report_images/aggressive_smoothing.png>
Package pdftex.def Info: ../report_images/aggressive_smoothing.png  used on input line 773.
(pdftex.def)             Requested size: 80.3047pt x 80.3047pt.
<../generated_images/MSE_test3.png, id=106, 462.528pt x 346.896pt>
File: ../generated_images/MSE_test3.png Graphic file (type png)
<use ../generated_images/MSE_test3.png>
Package pdftex.def Info: ../generated_images/MSE_test3.png  used on input line 780.
(pdftex.def)             Requested size: 231.26343pt x 173.44757pt.
File: ../report_images/boat_plot.png Graphic file (type png)
<use ../report_images/boat_plot.png>
Package pdftex.def Info: ../report_images/boat_plot.png  used on input line 786.
(pdftex.def)             Requested size: 103.50105pt x 77.62477pt.
File: ../report_images/noisy_boat_plot.png Graphic file (type png)
<use ../report_images/noisy_boat_plot.png>
Package pdftex.def Info: ../report_images/noisy_boat_plot.png  used on input line 791.
(pdftex.def)             Requested size: 103.50105pt x 77.62477pt.
<../generated_images/Custom_test3.png, id=107, 462.528pt x 346.896pt>
File: ../generated_images/Custom_test3.png Graphic file (type png)
<use ../generated_images/Custom_test3.png>
Package pdftex.def Info: ../generated_images/Custom_test3.png  used on input line 796.
(pdftex.def)             Requested size: 103.50105pt x 77.62477pt.
[18 <../report_images/aggressive_smoothing.png> <../generated_images/MSE_test3.png> <../generated_images/Custom_test3.png>]
Underfull \hbox (badness 10000) in paragraph at lines 807--810

 []

<../report_images/tempered_smoothing.png, id=114, 803.0pt x 803.0pt>
File: ../report_images/tempered_smoothing.png Graphic file (type png)
<use ../report_images/tempered_smoothing.png>
Package pdftex.def Info: ../report_images/tempered_smoothing.png  used on input line 811.
(pdftex.def)             Requested size: 80.3047pt x 80.3047pt.
<../generated_images/MSE_test4.png, id=115, 462.528pt x 346.896pt>
File: ../generated_images/MSE_test4.png Graphic file (type png)
<use ../generated_images/MSE_test4.png>
Package pdftex.def Info: ../generated_images/MSE_test4.png  used on input line 818.
(pdftex.def)             Requested size: 231.26343pt x 173.44757pt.
File: ../report_images/boat_plot.png Graphic file (type png)
<use ../report_images/boat_plot.png>
Package pdftex.def Info: ../report_images/boat_plot.png  used on input line 824.
(pdftex.def)             Requested size: 103.50105pt x 77.62477pt.
File: ../report_images/noisy_boat_plot.png Graphic file (type png)
<use ../report_images/noisy_boat_plot.png>
Package pdftex.def Info: ../report_images/noisy_boat_plot.png  used on input line 829.
(pdftex.def)             Requested size: 103.50105pt x 77.62477pt.
<../generated_images/Custom_test4.png, id=116, 462.528pt x 346.896pt>
File: ../generated_images/Custom_test4.png Graphic file (type png)
<use ../generated_images/Custom_test4.png>
Package pdftex.def Info: ../generated_images/Custom_test4.png  used on input line 834.
(pdftex.def)             Requested size: 103.50105pt x 77.62477pt.
[19 <../report_images/tempered_smoothing.png> <../generated_images/MSE_test4.png> <../generated_images/Custom_test4.png>]
File: ../generated_images/Custom_test4.png Graphic file (type png)
<use ../generated_images/Custom_test4.png>
Package pdftex.def Info: ../generated_images/Custom_test4.png  used on input line 861.
(pdftex.def)             Requested size: 345.0pt x 258.76335pt.
 [20]
Underfull \hbox (badness 10000) in paragraph at lines 871--879

 []


Underfull \hbox (badness 10000) in paragraph at lines 880--892

 []


Underfull \hbox (badness 10000) in paragraph at lines 893--902

 []

[21] [22] (Report.aux)
 ***********
LaTeX2e <2023-11-01> patch level 1
L3 programming layer <2024-03-14>
 ***********
 ) 
Here is how much of TeX's memory you used:
 4280 strings out of 474424
 74203 string characters out of 5741739
 1942496 words of memory out of 5000000
 26608 multiletter control sequences out of 15000+600000
 566538 words of font info for 69 fonts, out of 8000000 for 9000
 1141 hyphenation exceptions out of 8191
 67i,10n,77p,409b,582s stack positions out of 10000i,1000n,20000p,200000b,200000s
<C:/Users/Admin/AppData/Local/Programs/MiKTeX/fonts/type1/public/amsfonts/cm/cmbx10.pfb><C:/Users/Admin/AppData/Local/Programs/MiKTeX/fonts/type1/public/amsfonts/cm/cmbx12.pfb><C:/Users/Admin/AppData/Local/Programs/MiKTeX/fonts/type1/public/amsfonts/cm/cmex10.pfb><C:/Users/Admin/AppData/Local/Programs/MiKTeX/fonts/type1/public/amsfonts/cm/cmmi10.pfb><C:/Users/Admin/AppData/Local/Programs/MiKTeX/fonts/type1/public/amsfonts/cm/cmmi5.pfb><C:/Users/Admin/AppData/Local/Programs/MiKTeX/fonts/type1/public/amsfonts/cm/cmmi7.pfb><C:/Users/Admin/AppData/Local/Programs/MiKTeX/fonts/type1/public/amsfonts/cm/cmr10.pfb><C:/Users/Admin/AppData/Local/Programs/MiKTeX/fonts/type1/public/amsfonts/cm/cmr12.pfb><C:/Users/Admin/AppData/Local/Programs/MiKTeX/fonts/type1/public/amsfonts/cm/cmr5.pfb><C:/Users/Admin/AppData/Local/Programs/MiKTeX/fonts/type1/public/amsfonts/cm/cmr7.pfb><C:/Users/Admin/AppData/Local/Programs/MiKTeX/fonts/type1/public/amsfonts/cm/cmr9.pfb><C:/Users/Admin/AppData/Local/Programs/MiKTeX/fonts/type1/public/amsfonts/cm/cmsy10.pfb><C:/Users/Admin/AppData/Local/Programs/MiKTeX/fonts/type1/public/amsfonts/cm/cmsy5.pfb><C:/Users/Admin/AppData/Local/Programs/MiKTeX/fonts/type1/public/amsfonts/cm/cmsy7.pfb><C:/Users/Admin/AppData/Local/Programs/MiKTeX/fonts/type1/public/amsfonts/symbols/msbm10.pfb>
Output written on Report.pdf (22 pages, 904905 bytes).
PDF statistics:
 195 PDF objects out of 1000 (max. 8388607)
 0 named destinations out of 1000 (max. 500000)
 116 words of extra memory for PDF output out of 10000 (max. 10000000)

